#
# There is insufficient memory for the Java Runtime Environment to continue.
# Native memory allocation (malloc) failed to allocate 1048576 bytes for AllocateHeap
# Possible reasons:
#   The system is out of physical RAM or swap space
#   The process is running with CompressedOops enabled, and the Java Heap may be blocking the growth of the native heap
# Possible solutions:
#   Reduce memory load on the system
#   Increase physical memory or swap space
#   Check if swap backing store is full
#   Decrease Java heap size (-Xmx/-Xms)
#   Decrease number of Java threads
#   Decrease Java thread stack sizes (-Xss)
#   Set larger code cache with -XX:ReservedCodeCacheSize=
#   JVM is running with Zero Based Compressed Oops mode in which the Java heap is
#     placed in the first 32GB address space. The Java Heap base address is the
#     maximum limit for the native heap growth. Please use -XX:HeapBaseMinAddress
#     to set the Java Heap base and to place the Java Heap above 32GB virtual address.
# This output file may be truncated or incomplete.
#
#  Out of Memory Error (memory/allocation.inline.hpp:61), pid=16268, tid=0x0000000000004850
#
# JRE version:  (8.0_281-b09) (build )
# Java VM: Java HotSpot(TM) 64-Bit Server VM (25.281-b09 mixed mode windows-amd64 compressed oops)
# Failed to write core dump. Minidumps are not enabled by default on client versions of Windows
#

---------------  T H R E A D  ---------------

Current thread (0x0000028c58f0b000):  JavaThread "Unknown thread" [_thread_in_vm, id=18512, stack(0x000000ef8e100000,0x000000ef8e200000)]

Stack: [0x000000ef8e100000,0x000000ef8e200000]
Native frames: (J=compiled Java code, j=interpreted, Vv=VM code, C=native code)
V  [jvm.dll+0x32e5b9]
V  [jvm.dll+0x275012]
V  [jvm.dll+0x275cbd]
V  [jvm.dll+0x26c6f5]
V  [jvm.dll+0x509d]
V  [jvm.dll+0x3c96ec]
V  [jvm.dll+0x3c5a67]
V  [jvm.dll+0xfcaaf]
V  [jvm.dll+0x209a1b]
V  [jvm.dll+0x2383d7]
V  [jvm.dll+0x162566]
C  [javaw.exe+0x2322]
C  [javaw.exe+0x16544]
C  [KERNEL32.DLL+0x17034]
C  [ntdll.dll+0x52651]


---------------  P R O C E S S  ---------------

Java Threads: ( => current thread )

Other Threads:

=>0x0000028c58f0b000 (exited) JavaThread "Unknown thread" [_thread_in_vm, id=18512, stack(0x000000ef8e100000,0x000000ef8e200000)]

VM state:not at safepoint (normal execution)

VM Mutex/Monitor currently owned by a thread: None

heap address: 0x0000000700000000, size: 3072 MB, Compressed Oops mode: Zero based, Oop shift amount: 3
Narrow klass base: 0x0000000000000000, Narrow klass shift: 3
Compressed class space size: 1073741824 Address: 0x00000007c0000000

Heap:
 PSYoungGen      total 57344K, used 983K [0x0000000780000000, 0x0000000784000000, 0x00000007c0000000)
  eden space 49152K, 2% used [0x0000000780000000,0x00000007800f5c38,0x0000000783000000)
  from space 8192K, 0% used [0x0000000783800000,0x0000000783800000,0x0000000784000000)
  to   space 8192K, 0% used [0x0000000783000000,0x0000000783000000,0x0000000783800000)
 ParOldGen       total 131072K, used 0K [0x0000000700000000, 0x0000000708000000, 0x0000000780000000)
  object space 131072K, 0% used [0x0000000700000000,0x0000000700000000,0x0000000708000000)
 Metaspace       used 753K, capacity 4480K, committed 4480K, reserved 1056768K
  class space    used 76K, capacity 384K, committed 384K, reserved 1048576K

Card table byte_map: [0x0000028c69ce0000,0x0000028c6a2f0000] byte_map_base: 0x0000028c664e0000

Marking Bits: (ParMarkBitMap*) 0x0000000054616ff0
 Begin Bits: [0x0000028c6a6f0000, 0x0000028c6d6f0000)
 End Bits:   [0x0000028c6d6f0000, 0x0000028c706f0000)

Polling page: 0x0000028c5a8f0000

CodeCache: size=245760Kb used=328Kb max_used=328Kb free=245431Kb
 bounds [0x0000028c5a920000, 0x0000028c5ab90000, 0x0000028c69920000]
 total_blobs=58 nmethods=0 adapters=38
 compilation: enabled

Compilation events (0 events):
No events

GC Heap History (0 events):
No events

Deoptimization events (0 events):
No events

Classes redefined (0 events):
No events

Internal exceptions (0 events):
No events

Events (10 events):
Event: 0.058 loading class java/lang/Short
Event: 0.058 loading class java/lang/Short done
Event: 0.058 loading class java/lang/Integer
Event: 0.059 loading class java/lang/Integer done
Event: 0.059 loading class java/lang/Long
Event: 0.059 loading class java/lang/Long done
Event: 0.059 loading class java/lang/NullPointerException
Event: 0.059 loading class java/lang/NullPointerException done
Event: 0.059 loading class java/lang/ArithmeticException
Event: 0.060 loading class java/lang/ArithmeticException done


Dynamic libraries:
0x00007ff7cd120000 - 0x00007ff7cd167000 	C:\Program Files\Java\jre1.8.0_281\bin\javaw.exe
0x00007ff853650000 - 0x00007ff853845000 	C:\Windows\SYSTEM32\ntdll.dll
0x00007ff8521e0000 - 0x00007ff85229d000 	C:\Windows\System32\KERNEL32.DLL
0x00007ff851320000 - 0x00007ff8515e9000 	C:\Windows\System32\KERNELBASE.dll
0x00007ff852c80000 - 0x00007ff852d2c000 	C:\Windows\System32\ADVAPI32.dll
0x00007ff852140000 - 0x00007ff8521de000 	C:\Windows\System32\msvcrt.dll
0x00007ff852d40000 - 0x00007ff852ddb000 	C:\Windows\System32\sechost.dll
0x00007ff853340000 - 0x00007ff85346a000 	C:\Windows\System32\RPCRT4.dll
0x00007ff853470000 - 0x00007ff853610000 	C:\Windows\System32\USER32.dll
0x00007ff8515f0000 - 0x00007ff851612000 	C:\Windows\System32\win32u.dll
0x00007ff851e00000 - 0x00007ff851e2a000 	C:\Windows\System32\GDI32.dll
0x00007ff851020000 - 0x00007ff85112b000 	C:\Windows\System32\gdi32full.dll
0x00007ff851620000 - 0x00007ff8516bd000 	C:\Windows\System32\msvcp_win.dll
0x00007ff850f20000 - 0x00007ff851020000 	C:\Windows\System32\ucrtbase.dll
0x00007ff84ee80000 - 0x00007ff84f11a000 	C:\Windows\WinSxS\amd64_microsoft.windows.common-controls_6595b64144ccf1df_6.0.19041.1110_none_60b5254171f9507e\COMCTL32.dll
0x00007ff852ba0000 - 0x00007ff852bd0000 	C:\Windows\System32\IMM32.DLL
0x00007ff850b30000 - 0x00007ff850b68000 	C:\Program Files\Citrix\System32\MfApHook64.dll
0x00007ff850b10000 - 0x00007ff850b22000 	C:\Program Files\Citrix\IcaService\FullScreenHook64.dll
0x00007ff800b10000 - 0x00007ff800bab000 	C:\Program Files\Java\jre1.8.0_281\bin\MSVCP140.dll
0x00007ff812b90000 - 0x00007ff812ba5000 	C:\Program Files\Java\jre1.8.0_281\bin\VCRUNTIME140.dll
0x00007ff850460000 - 0x00007ff85048a000 	C:\Program Files\Citrix\ICAService\ShellHook64.dll
0x00007ff8532e0000 - 0x00007ff853335000 	C:\Windows\System32\SHLWAPI.dll
0x00007ff8504e0000 - 0x00007ff8505ef000 	C:\Program Files\Citrix\IcaService\SCardHook64.dll
0x00007ff84fe60000 - 0x00007ff84fe80000 	C:\Program Files\Citrix\ICAService\cxinjime64.dll
0x00007ff84fe30000 - 0x00007ff84fe56000 	C:\Program Files\Citrix\ICAService\PicaWtsHook64.dll
0x0000000068000000 - 0x0000000068071000 	C:\Windows\System32\QIPCAP64.dll
0x00007ff852330000 - 0x00007ff852a6f000 	C:\Windows\System32\SHELL32.dll
0x00007ff84fa10000 - 0x00007ff84fadc000 	C:\Windows\SYSTEM32\DNSAPI.dll
0x00007ff84f9d0000 - 0x00007ff84fa0b000 	C:\Windows\SYSTEM32\IPHLPAPI.DLL
0x00007ff852d30000 - 0x00007ff852d38000 	C:\Windows\System32\NSI.dll
0x0000000053e30000 - 0x000000005468f000 	C:\Program Files\Java\jre1.8.0_281\bin\server\jvm.dll
0x00007ff8516c0000 - 0x00007ff8516c8000 	C:\Windows\System32\PSAPI.DLL
0x00007ff83a2d0000 - 0x00007ff83a2d9000 	C:\Windows\SYSTEM32\WSOCK32.dll
0x00007ff8520b0000 - 0x00007ff85211b000 	C:\Windows\System32\WS2_32.dll
0x00007ff83d250000 - 0x00007ff83d277000 	C:\Windows\SYSTEM32\WINMM.dll
0x00007ff850920000 - 0x00007ff85092a000 	C:\Windows\SYSTEM32\VERSION.dll
0x00007ff84e320000 - 0x00007ff84e332000 	C:\Windows\SYSTEM32\kernel.appcore.dll
0x00007ff820990000 - 0x00007ff8209a0000 	C:\Program Files\Java\jre1.8.0_281\bin\verify.dll
0x00007ff803b40000 - 0x00007ff803b6b000 	C:\Program Files\Java\jre1.8.0_281\bin\java.dll
0x00007ff815240000 - 0x00007ff815258000 	C:\Program Files\Java\jre1.8.0_281\bin\zip.dll
0x00007ff84b090000 - 0x00007ff84b274000 	C:\Windows\SYSTEM32\dbghelp.dll
0x00007ff851180000 - 0x00007ff851203000 	C:\Windows\System32\bcryptPrimitives.dll

VM Arguments:
jvm_args: -Dfile.encoding=UTF-8 
java_command: com.citiustech.hms.inboxmanagement.InboxManagementApplication
java_class_path (initial): C:\Users\KirtiG3\Project\New\hospital-management-BE\InboxManagement\target\classes;C:\Users\KirtiG3\.m2\repository\com\fasterxml\jackson\datatype\jackson-datatype-jsr310\2.11.4\jackson-datatype-jsr310-2.11.4.jar;C:\Users\KirtiG3\.m2\repository\com\fasterxml\jackson\core\jackson-annotations\2.11.4\jackson-annotations-2.11.4.jar;C:\Users\KirtiG3\.m2\repository\com\fasterxml\jackson\core\jackson-core\2.11.4\jackson-core-2.11.4.jar;C:\Users\KirtiG3\.m2\repository\com\fasterxml\jackson\core\jackson-databind\2.11.4\jackson-databind-2.11.4.jar;C:\Users\KirtiG3\.m2\repository\org\springframework\boot\spring-boot-devtools\2.3.11.RELEASE\spring-boot-devtools-2.3.11.RELEASE.jar;C:\Users\KirtiG3\.m2\repository\org\springframework\boot\spring-boot\2.3.11.RELEASE\spring-boot-2.3.11.RELEASE.jar;C:\Users\KirtiG3\.m2\repository\org\springframework\spring-context\5.2.15.RELEASE\spring-context-5.2.15.RELEASE.jar;C:\Users\KirtiG3\.m2\repository\org\springframework\boot\spring-boot-autoconfigure\2.3.11.RELEASE\spring-boot-autoconfigure-2.3.11.RELEASE.jar;C:\Users\KirtiG3\.m2\repository\io\springfox\springfox-boot-starter\3.0.0\springfox-boot-starter-3.0.0.jar;C:\Users\KirtiG3\.m2\repository\io\springfox\springfox-oas\3.0.0\springfox-oas-3.0.0.jar;C:\Users\KirtiG3\.m2\repository\io\swagger\core\v3\swagger-annotations\2.1.2\swagger-annotations-2.1.2.jar;C:\Users\KirtiG3\.m2\repository\io\swagger\core\v3\swagger-models\2.1.2\swagger-models-2.1.2.jar;C:\Users\KirtiG3\.m2\repository\io\springfox\springfox-spi\3.0.0\springfox-spi-3.0.0.jar;C:\Users\KirtiG3\.m2\repository\io\springfox\springfox-schema\3.0.0\springfox-schema-3.0.0.jar;C:\Users\KirtiG3\.m2\repository\io\springfox\springfox-core\3.0.0\springfox-core-3.0.0.jar;C:\Users\KirtiG3\.m2\repository\io\springfox\springfox-spring-web\3.0.0\springfox-spring-web-3.0.0.jar;C:\Users\KirtiG3\.m2\repository\io\github\classgraph\classgraph\4.8.83\classgraph-4.8.83.jar;C:\Users\KirtiG3\.m2\repository\io\springfox\sprin
Launcher Type: SUN_STANDARD

Environment Variables:
PATH=C:/Program Files/Java/jre1.8.0_281/bin/server;C:/Program Files/Java/jre1.8.0_281/bin;C:/Program Files/Java/jre1.8.0_281/lib/amd64;C:\Program Files (x86)\Common Files\Oracle\Java\javapath;C:\Windows\system32;C:\Windows;C:\Windows\System32\Wbem;C:\Windows\System32\WindowsPowerShell\v1.0\;C:\Windows\System32\OpenSSH\;C:\Program Files\Git\cmd;C:\Program Files (x86)\nodejs\;C:\Program Files (x86)\Microsoft SQL Server\Client SDK\ODBC\130\Tools\Binn\;C:\Program Files (x86)\Microsoft SQL Server\140\Tools\Binn\;C:\Program Files (x86)\Microsoft SQL Server\140\DTS\Binn\;C:\Program Files (x86)\Microsoft SQL Server\140\Tools\Binn\ManagementStudio\;C:\Program Files\Microsoft VS Code\bin;C:\Program Files\Microsoft SQL Server\Client SDK\ODBC\170\Tools\Binn\;C:\Program Files (x86)\Microsoft SQL Server\150\Tools\Binn\;C:\Program Files\Microsoft SQL Server\150\Tools\Binn\;C:\Program Files\Microsoft SQL Server\150\DTS\Binn\;C:\Program Files (x86)\Microsoft SQL Server\150\DTS\Binn\;C:\Program Files\Azure Data Studio\bin;C:\Program Files (x86)\Citrix\Workspace Environment Management Agent;C:\Program Files\Citrix\System32\;C:\Program Files\Citrix\ICAService\;C:\Program Files (x86)\CheckPoint\Endpoint Security\Endpoint Common\bin;C:\Users\KirtiG3\AppData\Local\Microsoft\WindowsApps;;C:\Users\KirtiG3\Downloads\sts-4.4.0.RELEASE\sts-4.4.0.RELEASE;
USERNAME=KirtiG3
OS=Windows_NT
PROCESSOR_IDENTIFIER=Intel64 Family 6 Model 85 Stepping 7, GenuineIntel



---------------  S Y S T E M  ---------------

OS: Windows 10.0 , 64 bit Build 19041 (10.0.19041.1023)

CPU:total 2 (initial active 2) (1 cores per cpu, 1 threads per core) family 6 model 85 stepping 7, cmov, cx8, fxsr, mmx, sse, sse2, sse3, ssse3, sse4.1, sse4.2, popcnt, avx, avx2, aes, clmul, erms, 3dnowpref, lzcnt, tsc, tscinvbit, bmi1, bmi2, adx

Memory: 4k page, physical 12581848k(1565896k free), swap 16776152k(12880k free)

vm_info: Java HotSpot(TM) 64-Bit Server VM (25.281-b09) for windows-amd64 JRE (1.8.0_281-b09), built on Dec  9 2020 13:54:07 by "" with MS VC++ 15.9 (VS2017)

time: Thu Jul 29 18:23:50 2021
timezone: India Standard Time
elapsed time: 1.655062 seconds (0d 0h 0m 1s)

